<?xml version="1.0" encoding="UTF-8"?>
<!-- Generated by org.testng.reporters.JUnitReportReporter -->
<testsuite hostname="Ravikishor-Boddu" name="testcases.VerifyLoginPage" tests="1" failures="0" timestamp="25 Aug 2016 16:35:31 GMT" time="9.978" errors="0">
  <testcase name="testHomePage" time="9.978" classname="testcases.VerifyLoginPage"/>
</testsuite> <!-- testcases.VerifyLoginPage -->
