<?xml version="1.0" encoding="UTF-8"?>
<!-- Generated by org.testng.reporters.JUnitReportReporter -->
<testsuite hostname="Ravikishor-Boddu" name="testcases.VerifyHomePage" tests="1" failures="0" timestamp="25 Aug 2016 16:35:31 GMT" time="0.076" errors="0">
  <testcase name="testHomePage" time="0.076" classname="testcases.VerifyHomePage"/>
</testsuite> <!-- testcases.VerifyHomePage -->
