<?xml version="1.0" encoding="UTF-8"?>
<!-- Generated by org.testng.reporters.JUnitReportReporter -->
<testsuite hostname="Ravikishor-Boddu" name="testcases.VerifyLoginPageWithCaptureOnFailure" tests="1" failures="0" timestamp="25 Aug 2016 16:59:25 GMT" time="7.863" errors="0">
  <testcase name="testHomePage" time="7.863" classname="testcases.VerifyLoginPageWithCaptureOnFailure"/>
</testsuite> <!-- testcases.VerifyLoginPageWithCaptureOnFailure -->
